/home/lzl/Project/basevar/tests/data/140k_thalassemia_brca_bam/bam100/00alzqq6jw.bam
/home/lzl/Project/basevar/tests/data/140k_thalassemia_brca_bam/bam100/09t3r9n2rg.bam
/home/lzl/Project/basevar/tests/data/140k_thalassemia_brca_bam/bam100/0fkpl1p55b.bam
/home/lzl/Project/basevar/tests/data/140k_thalassemia_brca_bam/bam100/13dg1gvsfk.bam
/home/lzl/Project/basevar/tests/data/140k_thalassemia_brca_bam/bam100/17phildszl.bam
/home/lzl/Project/basevar/tests/data/140k_thalassemia_brca_bam/bam100/1dbpgqt0dq.bam
/home/lzl/Project/basevar/tests/data/140k_thalassemia_brca_bam/bam100/1kyws27hoc.bam
/home/lzl/Project/basevar/tests/data/140k_thalassemia_brca_bam/bam100/1ych8rmufr.bam
/home/lzl/Project/basevar/tests/data/140k_thalassemia_brca_bam/bam100/4e56w6ezsx.bam
/home/lzl/Project/basevar/tests/data/140k_thalassemia_brca_bam/bam100/51rwla2fps.bam
/home/lzl/Project/basevar/tests/data/140k_thalassemia_brca_bam/bam100/5ffp4ybnks.bam
/home/lzl/Project/basevar/tests/data/140k_thalassemia_brca_bam/bam100/69dwv4fku1.bam
/home/lzl/Project/basevar/tests/data/140k_thalassemia_brca_bam/bam100/6gcd92dsxn.bam
/home/lzl/Project/basevar/tests/data/140k_thalassemia_brca_bam/bam100/6ma645c89j.bam
/home/lzl/Project/basevar/tests/data/140k_thalassemia_brca_bam/bam100/70yx2m936l.bam
/home/lzl/Project/basevar/tests/data/140k_thalassemia_brca_bam/bam100/7r5wp24pbn.bam
/home/lzl/Project/basevar/tests/data/140k_thalassemia_brca_bam/bam100/8ebgvpjjkx.bam
/home/lzl/Project/basevar/tests/data/140k_thalassemia_brca_bam/bam100/8fxmxgxnsy.bam
/home/lzl/Project/basevar/tests/data/140k_thalassemia_brca_bam/bam100/9jikb1nr7d.bam
/home/lzl/Project/basevar/tests/data/140k_thalassemia_brca_bam/bam100/9k08ipcve9.bam
/home/lzl/Project/basevar/tests/data/140k_thalassemia_brca_bam/bam100/9q48revqki.bam
/home/lzl/Project/basevar/tests/data/140k_thalassemia_brca_bam/bam100/9z5613u60o.bam
/home/lzl/Project/basevar/tests/data/140k_thalassemia_brca_bam/bam100/anjk318ykw.bam
/home/lzl/Project/basevar/tests/data/140k_thalassemia_brca_bam/bam100/b3fg40z3wq.bam
/home/lzl/Project/basevar/tests/data/140k_thalassemia_brca_bam/bam100/b6wj1v00s4.bam
/home/lzl/Project/basevar/tests/data/140k_thalassemia_brca_bam/bam100/b9n7lnpsah.bam
/home/lzl/Project/basevar/tests/data/140k_thalassemia_brca_bam/bam100/bdbvkkeilv.bam
/home/lzl/Project/basevar/tests/data/140k_thalassemia_brca_bam/bam100/bhdwsx9nwx.bam
/home/lzl/Project/basevar/tests/data/140k_thalassemia_brca_bam/bam100/brt0ftv21g.bam
/home/lzl/Project/basevar/tests/data/140k_thalassemia_brca_bam/bam100/cut8duszqd.bam
/home/lzl/Project/basevar/tests/data/140k_thalassemia_brca_bam/bam100/d2tn2m2kvo.bam
/home/lzl/Project/basevar/tests/data/140k_thalassemia_brca_bam/bam100/dcp0otn7h7.bam
/home/lzl/Project/basevar/tests/data/140k_thalassemia_brca_bam/bam100/doj6qy2k75.bam
/home/lzl/Project/basevar/tests/data/140k_thalassemia_brca_bam/bam100/drhu768idc.bam
/home/lzl/Project/basevar/tests/data/140k_thalassemia_brca_bam/bam100/dw4hh3ndd5.bam
/home/lzl/Project/basevar/tests/data/140k_thalassemia_brca_bam/bam100/dyhey1tp31.bam
/home/lzl/Project/basevar/tests/data/140k_thalassemia_brca_bam/bam100/gc2y9xs1nu.bam
/home/lzl/Project/basevar/tests/data/140k_thalassemia_brca_bam/bam100/gvd399rggf.bam
/home/lzl/Project/basevar/tests/data/140k_thalassemia_brca_bam/bam100/gw9a76d0m2.bam
/home/lzl/Project/basevar/tests/data/140k_thalassemia_brca_bam/bam100/gxpriod6f3.bam
/home/lzl/Project/basevar/tests/data/140k_thalassemia_brca_bam/bam100/h1vn285v6d.bam
/home/lzl/Project/basevar/tests/data/140k_thalassemia_brca_bam/bam100/h2kg4ojwqn.bam
/home/lzl/Project/basevar/tests/data/140k_thalassemia_brca_bam/bam100/h5q02ssyq4.bam
/home/lzl/Project/basevar/tests/data/140k_thalassemia_brca_bam/bam100/hctsg6tdwc.bam
/home/lzl/Project/basevar/tests/data/140k_thalassemia_brca_bam/bam100/hpz5qcxec2.bam
/home/lzl/Project/basevar/tests/data/140k_thalassemia_brca_bam/bam100/hsitf9c94x.bam
/home/lzl/Project/basevar/tests/data/140k_thalassemia_brca_bam/bam100/if74wkp1p0.bam
/home/lzl/Project/basevar/tests/data/140k_thalassemia_brca_bam/bam100/ivyif5f942.bam
/home/lzl/Project/basevar/tests/data/140k_thalassemia_brca_bam/bam100/iys7c00481.bam
/home/lzl/Project/basevar/tests/data/140k_thalassemia_brca_bam/bam100/jkk77wsegi.bam
/home/lzl/Project/basevar/tests/data/140k_thalassemia_brca_bam/bam100/k2sf0pdk2d.bam
/home/lzl/Project/basevar/tests/data/140k_thalassemia_brca_bam/bam100/kzil8zzfrm.bam
/home/lzl/Project/basevar/tests/data/140k_thalassemia_brca_bam/bam100/lbamjja1ck.bam
/home/lzl/Project/basevar/tests/data/140k_thalassemia_brca_bam/bam100/lc55xx8azi.bam
/home/lzl/Project/basevar/tests/data/140k_thalassemia_brca_bam/bam100/lxj3dve57e.bam
/home/lzl/Project/basevar/tests/data/140k_thalassemia_brca_bam/bam100/m5wja1qf9s.bam
/home/lzl/Project/basevar/tests/data/140k_thalassemia_brca_bam/bam100/mitc23452z.bam
/home/lzl/Project/basevar/tests/data/140k_thalassemia_brca_bam/bam100/mmbab1i56b.bam
/home/lzl/Project/basevar/tests/data/140k_thalassemia_brca_bam/bam100/n74inqklv3.bam
/home/lzl/Project/basevar/tests/data/140k_thalassemia_brca_bam/bam100/naaix115ap.bam
/home/lzl/Project/basevar/tests/data/140k_thalassemia_brca_bam/bam100/nl241syo66.bam
/home/lzl/Project/basevar/tests/data/140k_thalassemia_brca_bam/bam100/nw47dicaa5.bam
/home/lzl/Project/basevar/tests/data/140k_thalassemia_brca_bam/bam100/o9zlje7nj5.bam
/home/lzl/Project/basevar/tests/data/140k_thalassemia_brca_bam/bam100/od5avkk9sw.bam
/home/lzl/Project/basevar/tests/data/140k_thalassemia_brca_bam/bam100/ovhpw3jumg.bam
/home/lzl/Project/basevar/tests/data/140k_thalassemia_brca_bam/bam100/p2xwxdyrgy.bam
/home/lzl/Project/basevar/tests/data/140k_thalassemia_brca_bam/bam100/pnuui73jf8.bam
/home/lzl/Project/basevar/tests/data/140k_thalassemia_brca_bam/bam100/px2zbyhbx7.bam
/home/lzl/Project/basevar/tests/data/140k_thalassemia_brca_bam/bam100/q2anbotz4t.bam
/home/lzl/Project/basevar/tests/data/140k_thalassemia_brca_bam/bam100/q9i1hw8g54.bam
/home/lzl/Project/basevar/tests/data/140k_thalassemia_brca_bam/bam100/qk2wnsgtnc.bam
/home/lzl/Project/basevar/tests/data/140k_thalassemia_brca_bam/bam100/r052a1vh64.bam
/home/lzl/Project/basevar/tests/data/140k_thalassemia_brca_bam/bam100/r0c90dwtry.bam
/home/lzl/Project/basevar/tests/data/140k_thalassemia_brca_bam/bam100/r11adi83n9.bam
/home/lzl/Project/basevar/tests/data/140k_thalassemia_brca_bam/bam100/r4zb1qp8ck.bam
/home/lzl/Project/basevar/tests/data/140k_thalassemia_brca_bam/bam100/s0wfqmkg1b.bam
/home/lzl/Project/basevar/tests/data/140k_thalassemia_brca_bam/bam100/sekey11qsi.bam
/home/lzl/Project/basevar/tests/data/140k_thalassemia_brca_bam/bam100/sjlwp0cbzp.bam
/home/lzl/Project/basevar/tests/data/140k_thalassemia_brca_bam/bam100/sn7rnuxbwr.bam
/home/lzl/Project/basevar/tests/data/140k_thalassemia_brca_bam/bam100/suv2ziz2oi.bam
/home/lzl/Project/basevar/tests/data/140k_thalassemia_brca_bam/bam100/sz01sb4k74.bam
/home/lzl/Project/basevar/tests/data/140k_thalassemia_brca_bam/bam100/tcshrf7kun.bam
/home/lzl/Project/basevar/tests/data/140k_thalassemia_brca_bam/bam100/tjxczyvkca.bam
/home/lzl/Project/basevar/tests/data/140k_thalassemia_brca_bam/bam100/tkrqljjf7x.bam
/home/lzl/Project/basevar/tests/data/140k_thalassemia_brca_bam/bam100/tlqfwgmw96.bam
/home/lzl/Project/basevar/tests/data/140k_thalassemia_brca_bam/bam100/tm74aoehlt.bam
/home/lzl/Project/basevar/tests/data/140k_thalassemia_brca_bam/bam100/tqon10pr7d.bam
/home/lzl/Project/basevar/tests/data/140k_thalassemia_brca_bam/bam100/varbvirfv1.bam
/home/lzl/Project/basevar/tests/data/140k_thalassemia_brca_bam/bam100/vjktr4stos.bam
/home/lzl/Project/basevar/tests/data/140k_thalassemia_brca_bam/bam100/wdvhlq3k9p.bam
/home/lzl/Project/basevar/tests/data/140k_thalassemia_brca_bam/bam100/wleih8binv.bam
/home/lzl/Project/basevar/tests/data/140k_thalassemia_brca_bam/bam100/wy6fny2apx.bam
/home/lzl/Project/basevar/tests/data/140k_thalassemia_brca_bam/bam100/xc39q1c1ux.bam
/home/lzl/Project/basevar/tests/data/140k_thalassemia_brca_bam/bam100/xgiz395ynw.bam
/home/lzl/Project/basevar/tests/data/140k_thalassemia_brca_bam/bam100/xk54r1w51s.bam
/home/lzl/Project/basevar/tests/data/140k_thalassemia_brca_bam/bam100/y6uyg100dj.bam
/home/lzl/Project/basevar/tests/data/140k_thalassemia_brca_bam/bam100/z46wboaqz6.bam
/home/lzl/Project/basevar/tests/data/140k_thalassemia_brca_bam/bam100/zol3omg2ww.bam
/home/lzl/Project/basevar/tests/data/140k_thalassemia_brca_bam/bam100/zs0noge63m.bam
/home/lzl/Project/basevar/tests/data/140k_thalassemia_brca_bam/bam100/zy7incadzl.bam
